2025-02-26 15:08:13,717 - main - INFO - Inicializando sistema de automação de engenharia de features
2025-02-26 15:08:13,717 - predictor.meta_learning - INFO - Histórico não encontrado, iniciando novo
2025-02-26 15:08:13,717 - main - INFO - Sistema inicializado com sucesso
2025-02-26 15:08:13,717 - main - INFO - Iniciando processo de engenharia de features para tabular_classification
2025-02-26 15:08:13,717 - handlers.tabular_classification - INFO - Preparando dados para classificação tabular
2025-02-26 15:08:13,718 - handlers.tabular_classification - INFO - Codificando feature categórica: Date
2025-02-26 15:08:13,721 - handlers.tabular_classification - INFO - Codificando feature categórica: type
2025-02-26 15:08:13,723 - handlers.tabular_classification - INFO - Codificando feature categórica: region
2025-02-26 15:08:13,727 - main - INFO - Obtendo recomendações de transformações do Learner-Predictor
2025-02-26 15:08:13,727 - predictor.transformation_predictor - INFO - Predizendo transformações para dataset do tipo tabular_classification
2025-02-26 15:08:13,731 - predictor.transformation_predictor - INFO - Nenhum dataset similar encontrado, usando abordagem baseada em tipos
2025-02-26 15:08:13,733 - main - INFO - Iniciando exploração de features com o Explorer
2025-02-26 15:08:13,733 - explorer.transformation_tree - INFO - Construindo árvore de transformações inicial
2025-02-26 15:08:13,734 - explorer.transformation_tree - INFO - Árvore de transformações inicializada com 14 features originais
2025-02-26 15:08:13,734 - explorer.heuristic_search - INFO - Iniciando busca heurística
2025-02-26 15:08:13,734 - explorer.heuristic_search - INFO - Estabelecendo performance base com features originais
2025-02-26 15:08:13,748 - handlers.tabular_classification - ERROR - Erro ao avaliar features: Supported target types are: ('binary', 'multiclass'). Got 'continuous' instead.
2025-02-26 15:08:13,748 - explorer.heuristic_search - INFO - Performance base: 0.0000
2025-02-26 15:08:13,748 - explorer.heuristic_search - INFO - Iniciando exploração por níveis na árvore de transformações
2025-02-26 15:08:13,748 - explorer.heuristic_search - INFO - Iteração 1, explorando 13 nós
2025-02-26 15:08:13,748 - explorer.heuristic_search - INFO - Selecionados 0 nós para expansão (de 13 avaliados)
2025-02-26 15:08:13,748 - explorer.heuristic_search - INFO - Expandindo 0 nós
2025-02-26 15:08:13,748 - explorer.heuristic_search - INFO - Não há mais nós para explorar, encerrando busca
2025-02-26 15:08:13,749 - explorer.heuristic_search - INFO - Busca concluída após 1 iterações
2025-02-26 15:08:13,749 - explorer.heuristic_search - INFO - Tempo total: 0.01s
2025-02-26 15:08:13,749 - explorer.heuristic_search - INFO - Número de features selecionadas: 0
2025-02-26 15:08:13,749 - explorer.refinement - INFO - Iniciando refinamento de 0 features candidatas
2025-02-26 15:08:13,750 - explorer.refinement - INFO - Após remoção de irrelevantes: 0 features
2025-02-26 15:08:13,750 - explorer.refinement - WARNING - Nenhuma feature relevante encontrada
2025-02-26 15:08:13,750 - handlers.tabular_classification - INFO - Aplicando 0 transformações
2025-02-26 15:08:13,750 - main - INFO - Atualizando histórico de transformações no Learner-Predictor
2025-02-26 15:12:05,771 - main - INFO - Inicializando sistema de automação de engenharia de features
2025-02-26 15:12:05,771 - predictor.meta_learning - INFO - Histórico não encontrado, iniciando novo
2025-02-26 15:12:05,771 - main - INFO - Sistema inicializado com sucesso
2025-02-26 15:12:05,771 - main - INFO - Iniciando processo de engenharia de features para tabular_classification
2025-02-26 15:12:05,771 - handlers.tabular_classification - INFO - Preparando dados para classificação tabular
2025-02-26 15:12:05,773 - handlers.tabular_classification - INFO - Codificando feature categórica: Date
2025-02-26 15:12:05,775 - handlers.tabular_classification - INFO - Codificando feature categórica: type
2025-02-26 15:12:05,777 - handlers.tabular_classification - INFO - Codificando feature categórica: region
2025-02-26 15:12:05,782 - main - INFO - Obtendo recomendações de transformações do Learner-Predictor
2025-02-26 15:12:05,782 - predictor.transformation_predictor - INFO - Predizendo transformações para dataset do tipo tabular_classification
2025-02-26 15:12:05,786 - predictor.transformation_predictor - INFO - Nenhum dataset similar encontrado, usando abordagem baseada em tipos
2025-02-26 15:12:05,788 - main - INFO - Iniciando exploração de features com o Explorer
2025-02-26 15:12:05,788 - explorer.transformation_tree - INFO - Construindo árvore de transformações inicial
2025-02-26 15:12:05,788 - explorer.transformation_tree - INFO - Árvore de transformações inicializada com 14 features originais
2025-02-26 15:12:05,788 - explorer.heuristic_search - INFO - Iniciando busca heurística
2025-02-26 15:12:05,789 - explorer.heuristic_search - INFO - Estabelecendo performance base com features originais
2025-02-26 15:12:05,798 - handlers.tabular_classification - ERROR - Erro ao avaliar features: Supported target types are: ('binary', 'multiclass'). Got 'continuous' instead.
2025-02-26 15:12:05,798 - explorer.heuristic_search - INFO - Performance base: 0.0000
2025-02-26 15:12:05,798 - explorer.heuristic_search - INFO - Iniciando exploração por níveis na árvore de transformações
2025-02-26 15:12:05,798 - explorer.heuristic_search - INFO - Iteração 1, explorando 13 nós
2025-02-26 15:12:05,798 - explorer.heuristic_search - INFO - Selecionados 0 nós para expansão (de 13 avaliados)
2025-02-26 15:12:05,798 - explorer.heuristic_search - INFO - Expandindo 0 nós
2025-02-26 15:12:05,798 - explorer.heuristic_search - INFO - Não há mais nós para explorar, encerrando busca
2025-02-26 15:12:05,798 - explorer.heuristic_search - INFO - Busca concluída após 1 iterações
2025-02-26 15:12:05,798 - explorer.heuristic_search - INFO - Tempo total: 0.01s
2025-02-26 15:12:05,798 - explorer.heuristic_search - INFO - Número de features selecionadas: 0
2025-02-26 15:12:05,798 - explorer.refinement - INFO - Iniciando refinamento de 0 features candidatas
2025-02-26 15:12:05,799 - explorer.refinement - INFO - Após remoção de irrelevantes: 0 features
2025-02-26 15:12:05,799 - explorer.refinement - WARNING - Nenhuma feature relevante encontrada
2025-02-26 15:12:05,799 - handlers.tabular_classification - INFO - Aplicando 0 transformações
2025-02-26 15:12:05,800 - main - INFO - Atualizando histórico de transformações no Learner-Predictor
2025-02-26 15:12:05,819 - handlers.tabular_classification - ERROR - Erro ao avaliar transformações: Supported target types are: ('binary', 'multiclass'). Got 'continuous' instead.
2025-02-26 15:12:05,819 - predictor.meta_learning - WARNING - Erro ao salvar histórico: Object of type int64 is not JSON serializable
2025-02-26 15:12:05,819 - predictor.meta_learning - INFO - Treinando modelo de meta-aprendizado
2025-02-26 15:12:05,819 - predictor.meta_learning - INFO - Histórico insuficiente para treinar modelo
2025-02-26 15:12:05,820 - main - INFO - Processo de engenharia de features concluído com sucesso
2025-02-26 15:12:05,821 - main - INFO - Salvando transformações em credit_transformations.pkl
2025-02-26 15:12:05,821 - explorer.transformation_tree - INFO - Árvore de transformações salva em credit_transformations.pkl
2025-02-26 15:14:19,278 - main - INFO - Inicializando sistema de automação de engenharia de features
2025-02-26 15:14:19,278 - predictor.meta_learning - WARNING - Erro ao carregar histórico: Expecting value: line 11 column 19 (char 274)
2025-02-26 15:14:19,278 - main - INFO - Sistema inicializado com sucesso
2025-02-26 15:14:19,278 - main - INFO - Iniciando processo de engenharia de features para tabular_regression
2025-02-26 15:14:19,279 - handlers.tabular_regression - INFO - Preparando dados para regressão tabular
2025-02-26 15:14:19,280 - handlers.tabular_regression - INFO - Codificando feature categórica: Date
2025-02-26 15:14:19,285 - handlers.tabular_regression - INFO - Codificando feature categórica: type
2025-02-26 15:14:19,289 - handlers.tabular_regression - INFO - Codificando feature categórica: region
2025-02-26 15:14:19,299 - main - INFO - Obtendo recomendações de transformações do Learner-Predictor
2025-02-26 15:14:19,300 - predictor.transformation_predictor - INFO - Predizendo transformações para dataset do tipo tabular_regression
2025-02-26 15:14:19,341 - predictor.transformation_predictor - INFO - Nenhum dataset similar encontrado, usando abordagem baseada em tipos
2025-02-26 15:14:19,373 - main - INFO - Iniciando exploração de features com o Explorer
2025-02-26 15:14:19,373 - explorer.transformation_tree - INFO - Construindo árvore de transformações inicial
2025-02-26 15:14:19,376 - explorer.transformation_tree - INFO - Árvore de transformações inicializada com 233 features originais
2025-02-26 15:14:19,386 - explorer.heuristic_search - INFO - Iniciando busca heurística
2025-02-26 15:14:19,387 - explorer.heuristic_search - INFO - Estabelecendo performance base com features originais
2025-02-26 15:14:33,542 - explorer.heuristic_search - INFO - Performance base: 0.9339
2025-02-26 15:14:33,542 - explorer.heuristic_search - INFO - Iniciando exploração por níveis na árvore de transformações
2025-02-26 15:14:33,542 - explorer.heuristic_search - INFO - Iteração 1, explorando 232 nós
2025-02-26 15:14:33,543 - explorer.heuristic_search - INFO - Selecionados 0 nós para expansão (de 232 avaliados)
2025-02-26 15:14:33,543 - explorer.heuristic_search - INFO - Expandindo 0 nós
2025-02-26 15:14:33,543 - explorer.heuristic_search - INFO - Não há mais nós para explorar, encerrando busca
2025-02-26 15:14:33,543 - explorer.heuristic_search - INFO - Busca concluída após 1 iterações
2025-02-26 15:14:33,543 - explorer.heuristic_search - INFO - Tempo total: 14.16s
2025-02-26 15:14:33,543 - explorer.heuristic_search - INFO - Número de features selecionadas: 0
2025-02-26 15:14:33,543 - explorer.refinement - INFO - Iniciando refinamento de 0 features candidatas
2025-02-26 15:14:33,548 - explorer.refinement - INFO - Após remoção de irrelevantes: 0 features
2025-02-26 15:14:33,548 - explorer.refinement - WARNING - Nenhuma feature relevante encontrada
2025-02-26 15:14:33,548 - handlers.tabular_regression - INFO - Aplicando 0 transformações
2025-02-26 15:14:33,549 - main - INFO - Atualizando histórico de transformações no Learner-Predictor
2025-02-26 15:18:44,933 - main - INFO - Inicializando sistema de automação de engenharia de features
2025-02-26 15:18:44,933 - predictor.meta_learning - WARNING - Erro ao carregar histórico: Expecting value: line 11 column 19 (char 274)
2025-02-26 15:18:44,933 - main - INFO - Sistema inicializado com sucesso
2025-02-26 15:18:44,933 - main - INFO - Iniciando processo de engenharia de features para tabular_regression
2025-02-26 15:18:44,933 - handlers.tabular_regression - INFO - Preparando dados para regressão tabular
2025-02-26 15:18:44,935 - handlers.tabular_regression - INFO - Codificando feature categórica: Date
2025-02-26 15:18:44,940 - handlers.tabular_regression - INFO - Codificando feature categórica: type
2025-02-26 15:18:44,943 - handlers.tabular_regression - INFO - Codificando feature categórica: region
2025-02-26 15:18:44,954 - main - INFO - Obtendo recomendações de transformações do Learner-Predictor
2025-02-26 15:18:44,954 - predictor.transformation_predictor - INFO - Predizendo transformações para dataset do tipo tabular_regression
2025-02-26 15:18:44,996 - predictor.transformation_predictor - INFO - Nenhum dataset similar encontrado, usando abordagem baseada em tipos
2025-02-26 15:18:45,027 - main - INFO - Iniciando exploração de features com o Explorer
2025-02-26 15:18:45,028 - explorer.transformation_tree - INFO - Construindo árvore de transformações inicial
2025-02-26 15:18:45,031 - explorer.transformation_tree - INFO - Árvore de transformações inicializada com 233 features originais
2025-02-26 15:18:45,031 - explorer.heuristic_search - INFO - Iniciando busca heurística
2025-02-26 15:18:45,032 - explorer.heuristic_search - INFO - Estabelecendo performance base com features originais
2025-02-26 15:18:59,150 - explorer.heuristic_search - INFO - Performance base: 0.9339
2025-02-26 15:18:59,151 - explorer.heuristic_search - INFO - Iniciando exploração por níveis na árvore de transformações
2025-02-26 15:18:59,151 - explorer.heuristic_search - INFO - Iteração 1, explorando 232 nós
2025-02-26 15:18:59,151 - explorer.heuristic_search - INFO - Selecionados 0 nós para expansão (de 232 avaliados)
2025-02-26 15:18:59,151 - explorer.heuristic_search - INFO - Expandindo 0 nós
2025-02-26 15:18:59,151 - explorer.heuristic_search - INFO - Não há mais nós para explorar, encerrando busca
2025-02-26 15:18:59,151 - explorer.heuristic_search - INFO - Busca concluída após 1 iterações
2025-02-26 15:18:59,151 - explorer.heuristic_search - INFO - Tempo total: 14.12s
2025-02-26 15:18:59,151 - explorer.heuristic_search - INFO - Número de features selecionadas: 0
2025-02-26 15:18:59,151 - explorer.refinement - INFO - Iniciando refinamento de 0 features candidatas
2025-02-26 15:18:59,156 - explorer.refinement - INFO - Após remoção de irrelevantes: 0 features
2025-02-26 15:18:59,157 - explorer.refinement - WARNING - Nenhuma feature relevante encontrada
2025-02-26 15:18:59,157 - handlers.tabular_regression - INFO - Aplicando 0 transformações
2025-02-26 15:18:59,157 - main - INFO - Atualizando histórico de transformações no Learner-Predictor
2025-02-26 15:18:59,950 - handlers.tabular_regression - ERROR - Erro ao avaliar transformações: 
All the 5 fits failed.
It is very likely that your model is misconfigured.
You can try to debug the error by setting error_score='raise'.

Below are more details about the failures:
--------------------------------------------------------------------------------
1 fits failed with the following error:
Traceback (most recent call last):
  File "/home/paulo/Projetos/auto-ml/venv/lib/python3.10/site-packages/sklearn/model_selection/_validation.py", line 866, in _fit_and_score
    estimator.fit(X_train, y_train, **fit_params)
  File "/home/paulo/Projetos/auto-ml/venv/lib/python3.10/site-packages/sklearn/base.py", line 1389, in wrapper
    return fit_method(estimator, *args, **kwargs)
  File "/home/paulo/Projetos/auto-ml/venv/lib/python3.10/site-packages/sklearn/ensemble/_forest.py", line 360, in fit
    X, y = validate_data(
  File "/home/paulo/Projetos/auto-ml/venv/lib/python3.10/site-packages/sklearn/utils/validation.py", line 2961, in validate_data
    X, y = check_X_y(X, y, **check_params)
  File "/home/paulo/Projetos/auto-ml/venv/lib/python3.10/site-packages/sklearn/utils/validation.py", line 1370, in check_X_y
    X = check_array(
  File "/home/paulo/Projetos/auto-ml/venv/lib/python3.10/site-packages/sklearn/utils/validation.py", line 1055, in check_array
    array = _asarray_with_order(array, order=order, dtype=dtype, xp=xp)
  File "/home/paulo/Projetos/auto-ml/venv/lib/python3.10/site-packages/sklearn/utils/_array_api.py", line 839, in _asarray_with_order
    array = numpy.asarray(array, order=order, dtype=dtype)
  File "/home/paulo/Projetos/auto-ml/venv/lib/python3.10/site-packages/pandas/core/generic.py", line 2153, in __array__
    arr = np.asarray(values, dtype=dtype)
ValueError: could not convert string to float: '2015-12-20'

--------------------------------------------------------------------------------
4 fits failed with the following error:
Traceback (most recent call last):
  File "/home/paulo/Projetos/auto-ml/venv/lib/python3.10/site-packages/sklearn/model_selection/_validation.py", line 866, in _fit_and_score
    estimator.fit(X_train, y_train, **fit_params)
  File "/home/paulo/Projetos/auto-ml/venv/lib/python3.10/site-packages/sklearn/base.py", line 1389, in wrapper
    return fit_method(estimator, *args, **kwargs)
  File "/home/paulo/Projetos/auto-ml/venv/lib/python3.10/site-packages/sklearn/ensemble/_forest.py", line 360, in fit
    X, y = validate_data(
  File "/home/paulo/Projetos/auto-ml/venv/lib/python3.10/site-packages/sklearn/utils/validation.py", line 2961, in validate_data
    X, y = check_X_y(X, y, **check_params)
  File "/home/paulo/Projetos/auto-ml/venv/lib/python3.10/site-packages/sklearn/utils/validation.py", line 1370, in check_X_y
    X = check_array(
  File "/home/paulo/Projetos/auto-ml/venv/lib/python3.10/site-packages/sklearn/utils/validation.py", line 1055, in check_array
    array = _asarray_with_order(array, order=order, dtype=dtype, xp=xp)
  File "/home/paulo/Projetos/auto-ml/venv/lib/python3.10/site-packages/sklearn/utils/_array_api.py", line 839, in _asarray_with_order
    array = numpy.asarray(array, order=order, dtype=dtype)
  File "/home/paulo/Projetos/auto-ml/venv/lib/python3.10/site-packages/pandas/core/generic.py", line 2153, in __array__
    arr = np.asarray(values, dtype=dtype)
ValueError: could not convert string to float: '2015-12-27'

2025-02-26 15:18:59,952 - predictor.meta_learning - WARNING - Erro ao salvar histórico: Object of type int64 is not JSON serializable
2025-02-26 15:18:59,952 - predictor.meta_learning - INFO - Treinando modelo de meta-aprendizado
2025-02-26 15:18:59,952 - predictor.meta_learning - INFO - Histórico insuficiente para treinar modelo
2025-02-26 15:18:59,953 - main - INFO - Processo de engenharia de features concluído com sucesso
2025-02-26 15:18:59,956 - main - INFO - Salvando transformações em credit_transformations.pkl
2025-02-26 15:18:59,958 - explorer.transformation_tree - INFO - Árvore de transformações salva em credit_transformations.pkl
2025-02-26 15:24:08,711 - main - INFO - Inicializando sistema de automação de engenharia de features
2025-02-26 15:24:08,711 - predictor.meta_learning - WARNING - Erro ao carregar histórico: Expecting value: line 11 column 19 (char 270)
2025-02-26 15:24:08,711 - main - INFO - Sistema inicializado com sucesso
2025-02-26 15:24:08,711 - main - INFO - Iniciando processo de engenharia de features para tabular_regression
2025-02-26 15:24:08,711 - handlers.tabular_regression - INFO - Preparando dados para regressão tabular
2025-02-26 15:24:08,712 - handlers.tabular_regression - INFO - Codificando feature categórica: Date
2025-02-26 15:24:08,719 - handlers.tabular_regression - INFO - Codificando feature categórica: type
2025-02-26 15:24:08,721 - handlers.tabular_regression - INFO - Codificando feature categórica: region
2025-02-26 15:24:08,727 - main - INFO - Obtendo recomendações de transformações do Learner-Predictor
2025-02-26 15:24:08,727 - predictor.transformation_predictor - INFO - Predizendo transformações para dataset do tipo tabular_regression
2025-02-26 15:24:08,736 - predictor.transformation_predictor - INFO - Nenhum dataset similar encontrado, usando abordagem baseada em tipos
2025-02-26 15:24:08,743 - main - INFO - Iniciando exploração de features com o Explorer
2025-02-26 15:24:08,743 - explorer.transformation_tree - INFO - Construindo árvore de transformações inicial
2025-02-26 15:24:08,744 - explorer.transformation_tree - INFO - Árvore de transformações inicializada com 50 features originais
2025-02-26 15:24:08,744 - explorer.heuristic_search - INFO - Iniciando busca heurística
2025-02-26 15:24:08,745 - explorer.heuristic_search - INFO - Estabelecendo performance base com features originais
2025-02-26 15:24:17,092 - explorer.heuristic_search - INFO - Performance base: 0.9220
2025-02-26 15:24:17,092 - explorer.heuristic_search - INFO - Iniciando exploração por níveis na árvore de transformações
2025-02-26 15:24:17,092 - explorer.heuristic_search - INFO - Iteração 1, explorando 49 nós
2025-02-26 15:24:17,092 - explorer.heuristic_search - INFO - Selecionados 0 nós para expansão (de 49 avaliados)
2025-02-26 15:24:17,092 - explorer.heuristic_search - INFO - Expandindo 0 nós
2025-02-26 15:24:17,092 - explorer.heuristic_search - INFO - Não há mais nós para explorar, encerrando busca
2025-02-26 15:24:17,092 - explorer.heuristic_search - INFO - Busca concluída após 1 iterações
2025-02-26 15:24:17,092 - explorer.heuristic_search - INFO - Tempo total: 8.35s
2025-02-26 15:24:17,092 - explorer.heuristic_search - INFO - Número de features selecionadas: 0
2025-02-26 15:24:17,092 - explorer.refinement - INFO - Iniciando refinamento de 0 features candidatas
2025-02-26 15:24:17,094 - explorer.refinement - INFO - Após remoção de irrelevantes: 0 features
2025-02-26 15:24:17,094 - explorer.refinement - WARNING - Nenhuma feature relevante encontrada
2025-02-26 15:24:17,094 - handlers.tabular_regression - INFO - Aplicando 0 transformações
2025-02-26 15:24:17,094 - main - INFO - Atualizando histórico de transformações no Learner-Predictor
2025-02-26 15:24:37,721 - predictor.meta_learning - INFO - Histórico salvo com 1 datasets
2025-02-26 15:24:37,721 - predictor.meta_learning - INFO - Treinando modelo de meta-aprendizado
2025-02-26 15:24:37,721 - predictor.meta_learning - INFO - Histórico insuficiente para treinar modelo
2025-02-26 15:24:37,721 - main - INFO - Processo de engenharia de features concluído com sucesso
2025-02-26 15:24:37,723 - main - INFO - Salvando transformações em credit_transformations.pkl
2025-02-26 15:24:37,723 - explorer.transformation_tree - INFO - Árvore de transformações salva em credit_transformations.pkl
2025-02-26 15:26:49,126 - main - INFO - Inicializando sistema de automação de engenharia de features
2025-02-26 15:26:49,126 - predictor.meta_learning - INFO - Histórico carregado com 1 datasets
2025-02-26 15:26:49,126 - main - INFO - Sistema inicializado com sucesso
2025-02-26 15:26:49,126 - main - INFO - Iniciando processo de engenharia de features para tabular_regression
2025-02-26 15:26:49,126 - handlers.tabular_regression - INFO - Preparando dados para regressão tabular
2025-02-26 15:26:49,127 - handlers.tabular_regression - INFO - Codificando feature categórica: Date
2025-02-26 15:26:49,134 - handlers.tabular_regression - INFO - Codificando feature categórica: type
2025-02-26 15:26:49,136 - handlers.tabular_regression - INFO - Codificando feature categórica: region
2025-02-26 15:26:49,142 - main - INFO - Obtendo recomendações de transformações do Learner-Predictor
2025-02-26 15:26:49,142 - predictor.transformation_predictor - INFO - Predizendo transformações para dataset do tipo tabular_regression
2025-02-26 15:26:49,152 - predictor.transformation_predictor - INFO - Encontrados 1 datasets similares
2025-02-26 15:26:49,152 - predictor.feature_imagification - INFO - Criando representações matriciais para 50 features
2025-02-26 15:26:49,168 - predictor.transformation_predictor - INFO - Recomendadas transformações para 50 features
2025-02-26 15:26:49,168 - main - INFO - Iniciando exploração de features com o Explorer
2025-02-26 15:26:49,168 - explorer.transformation_tree - INFO - Construindo árvore de transformações inicial
2025-02-26 15:26:49,169 - explorer.transformation_tree - INFO - Árvore de transformações inicializada com 50 features originais
2025-02-26 15:26:49,169 - explorer.heuristic_search - INFO - Iniciando busca heurística
2025-02-26 15:26:49,170 - explorer.heuristic_search - INFO - Estabelecendo performance base com features originais
2025-02-26 15:26:57,336 - explorer.heuristic_search - INFO - Performance base: 0.9220
2025-02-26 15:26:57,337 - explorer.heuristic_search - INFO - Iniciando exploração por níveis na árvore de transformações
2025-02-26 15:26:57,337 - explorer.heuristic_search - INFO - Iteração 1, explorando 49 nós
2025-02-26 15:26:57,337 - explorer.heuristic_search - INFO - Selecionados 0 nós para expansão (de 49 avaliados)
2025-02-26 15:26:57,337 - explorer.heuristic_search - INFO - Expandindo 0 nós
2025-02-26 15:26:57,337 - explorer.heuristic_search - INFO - Não há mais nós para explorar, encerrando busca
2025-02-26 15:26:57,337 - explorer.heuristic_search - INFO - Busca concluída após 1 iterações
2025-02-26 15:26:57,337 - explorer.heuristic_search - INFO - Tempo total: 8.17s
2025-02-26 15:26:57,337 - explorer.heuristic_search - INFO - Número de features selecionadas: 0
2025-02-26 15:26:57,337 - explorer.refinement - INFO - Iniciando refinamento de 0 features candidatas
2025-02-26 15:26:57,339 - explorer.refinement - INFO - Após remoção de irrelevantes: 0 features
2025-02-26 15:26:57,339 - explorer.refinement - WARNING - Nenhuma feature relevante encontrada
2025-02-26 15:26:57,339 - handlers.tabular_regression - INFO - Aplicando 0 transformações
2025-02-26 15:26:57,340 - main - INFO - Atualizando histórico de transformações no Learner-Predictor
2025-02-26 15:27:17,831 - predictor.meta_learning - INFO - Histórico salvo com 2 datasets
2025-02-26 15:27:17,831 - predictor.meta_learning - INFO - Treinando modelo de meta-aprendizado
2025-02-26 15:27:17,836 - predictor.meta_learning - ERROR - Erro ao treinar modelo de meta-aprendizado: at least one array or dtype is required
2025-02-26 15:27:17,836 - main - INFO - Processo de engenharia de features concluído com sucesso
